<?xml version="1.0" encoding="UTF-8"?>
<!-- Generated by org.testng.reporters.JUnitXMLReporter -->
<testsuite ignored="0" hostname="DOMY-PC" failures="0" tests="7" name="ChromeTest" time="41.875" errors="0" timestamp="20 Feb 2022 16:43:49 GMT">
  <testcase classname="hr.ferit.dominikzivko.hgtest.GenericTests" name="Featured articles accessible from home page" time="1.84"/>
  <testcase classname="hr.ferit.dominikzivko.hgtest.GenericTests" name="Search returns result" time="5.136"/>
  <testcase classname="hr.ferit.dominikzivko.hgtest.ResultsTests" name="Category page accessible from home page" time="3.027"/>
  <testcase classname="hr.ferit.dominikzivko.hgtest.ResultsTests" name="Price sorting can be changed" time="3.066"/>
  <testcase classname="hr.ferit.dominikzivko.hgtest.CartTests" name="Add article to cart" time="3.532"/>
  <testcase classname="hr.ferit.dominikzivko.hgtest.CartTests" name="Modify article amount" time="6.242"/>
  <testcase classname="hr.ferit.dominikzivko.hgtest.CartTests" name="Remove article from cart" time="9.982"/>
</testsuite> <!-- ChromeTest -->
