<?xml version="1.0" encoding="UTF-8"?>
<!-- Generated by org.testng.reporters.JUnitXMLReporter -->
<testsuite ignored="0" hostname="DOMY-PC" failures="0" tests="7" name="EdgeTest" time="57.67" errors="0" timestamp="20 Feb 2022 16:45:43 GMT">
  <testcase classname="hr.ferit.dominikzivko.hgtest.GenericTests" name="Featured articles accessible from home page" time="1.766"/>
  <testcase classname="hr.ferit.dominikzivko.hgtest.GenericTests" name="Search returns result" time="4.952"/>
  <testcase classname="hr.ferit.dominikzivko.hgtest.ResultsTests" name="Category page accessible from home page" time="4.021"/>
  <testcase classname="hr.ferit.dominikzivko.hgtest.ResultsTests" name="Price sorting can be changed" time="4.084"/>
  <testcase classname="hr.ferit.dominikzivko.hgtest.CartTests" name="Add article to cart" time="3.418"/>
  <testcase classname="hr.ferit.dominikzivko.hgtest.CartTests" name="Modify article amount" time="6.277"/>
  <testcase classname="hr.ferit.dominikzivko.hgtest.CartTests" name="Remove article from cart" time="14.714"/>
</testsuite> <!-- EdgeTest -->
