<?xml version="1.0" encoding="UTF-8"?>
<!-- Generated by org.testng.reporters.JUnitXMLReporter -->
<testsuite ignored="0" hostname="DOMY-PC" failures="0" tests="7" name="EdgeTest" time="43.733" errors="0" timestamp="20 Feb 2022 15:16:49 GMT">
  <testcase classname="hr.ferit.dominikzivko.hgtest.GenericTests" name="Featured articles accessible from home page" time="1.389"/>
  <testcase classname="hr.ferit.dominikzivko.hgtest.GenericTests" name="Search returns result" time="3.522"/>
  <testcase classname="hr.ferit.dominikzivko.hgtest.ResultsTests" name="Category page accessible from home page" time="3.227"/>
  <testcase classname="hr.ferit.dominikzivko.hgtest.ResultsTests" name="Price sorting can be changed" time="9.812"/>
  <testcase classname="hr.ferit.dominikzivko.hgtest.CartTests" name="Add article to cart" time="2.627"/>
  <testcase classname="hr.ferit.dominikzivko.hgtest.CartTests" name="Modify article amount" time="7.433"/>
  <testcase classname="hr.ferit.dominikzivko.hgtest.CartTests" name="Remove article from cart" time="8.113"/>
</testsuite> <!-- EdgeTest -->
