<?xml version="1.0" encoding="UTF-8"?>
<!-- Generated by org.testng.reporters.JUnitXMLReporter -->
<testsuite ignored="0" hostname="DOMY-PC" failures="0" tests="7" name="FirefoxTest" time="52.711" errors="0" timestamp="20 Feb 2022 15:16:06 GMT">
  <testcase classname="hr.ferit.dominikzivko.hgtest.GenericTests" name="Featured articles accessible from home page" time="1.221"/>
  <testcase classname="hr.ferit.dominikzivko.hgtest.GenericTests" name="Search returns result" time="1.793"/>
  <testcase classname="hr.ferit.dominikzivko.hgtest.ResultsTests" name="Category page accessible from home page" time="3.112"/>
  <testcase classname="hr.ferit.dominikzivko.hgtest.ResultsTests" name="Price sorting can be changed" time="3.151"/>
  <testcase classname="hr.ferit.dominikzivko.hgtest.CartTests" name="Add article to cart" time="3.606"/>
  <testcase classname="hr.ferit.dominikzivko.hgtest.CartTests" name="Modify article amount" time="4.223"/>
  <testcase classname="hr.ferit.dominikzivko.hgtest.CartTests" name="Remove article from cart" time="9.371"/>
</testsuite> <!-- FirefoxTest -->
