<?xml version="1.0" encoding="UTF-8"?>
<!-- Generated by org.testng.reporters.JUnitXMLReporter -->
<testsuite ignored="0" hostname="DOMY-PC" failures="0" tests="7" name="FirefoxTest" time="56.581" errors="0" timestamp="20 Feb 2022 16:44:46 GMT">
  <testcase classname="hr.ferit.dominikzivko.hgtest.GenericTests" name="Featured articles accessible from home page" time="1.275"/>
  <testcase classname="hr.ferit.dominikzivko.hgtest.GenericTests" name="Search returns result" time="4.921"/>
  <testcase classname="hr.ferit.dominikzivko.hgtest.ResultsTests" name="Category page accessible from home page" time="3.453"/>
  <testcase classname="hr.ferit.dominikzivko.hgtest.ResultsTests" name="Price sorting can be changed" time="3.087"/>
  <testcase classname="hr.ferit.dominikzivko.hgtest.CartTests" name="Add article to cart" time="3.864"/>
  <testcase classname="hr.ferit.dominikzivko.hgtest.CartTests" name="Modify article amount" time="5.105"/>
  <testcase classname="hr.ferit.dominikzivko.hgtest.CartTests" name="Remove article from cart" time="9.158"/>
</testsuite> <!-- FirefoxTest -->
