<?xml version="1.0" encoding="UTF-8"?>
<testng-results ignored="0" total="21" passed="21" failed="0" skipped="0">
  <reporter-output>
  </reporter-output>
  <suite started-at="2022-02-20T15:14:36Z" name="TestSuite" finished-at="2022-02-20T15:16:49Z" duration-ms="133432">
    <groups>
    </groups>
    <test started-at="2022-02-20T15:14:36Z" name="ChromeTest" finished-at="2022-02-20T15:15:13Z" duration-ms="36969">
      <class name="hr.ferit.dominikzivko.hgtest.GenericTests">
        <test-method is-config="true" signature="setupBrowser(java.lang.String)[pri:0, instance:hr.ferit.dominikzivko.hgtest.GenericTests@32ca32e6]" started-at="2022-02-20T16:14:36Z" name="setupBrowser" finished-at="2022-02-20T16:14:37Z" duration-ms="662" status="PASS">
          <params>
            <param index="0">
              <value>
                <![CDATA[Chrome]]>
              </value>
            </param>
          </params>
          <reporter-output>
          </reporter-output>
        </test-method> <!-- setupBrowser -->
        <test-method is-config="true" signature="setupPage()[pri:0, instance:hr.ferit.dominikzivko.hgtest.GenericTests@32ca32e6]" started-at="2022-02-20T16:14:37Z" name="setupPage" finished-at="2022-02-20T16:14:38Z" duration-ms="1646" status="PASS">
          <reporter-output>
          </reporter-output>
        </test-method> <!-- setupPage -->
        <test-method signature="Featured articles accessible from home page()[pri:0, instance:hr.ferit.dominikzivko.hgtest.GenericTests@32ca32e6]" started-at="2022-02-20T16:14:38Z" name="Featured articles accessible from home page" finished-at="2022-02-20T16:14:41Z" duration-ms="2929" status="PASS">
          <reporter-output>
          </reporter-output>
        </test-method> <!-- Featured articles accessible from home page -->
        <test-method is-config="true" signature="cleanup()[pri:0, instance:hr.ferit.dominikzivko.hgtest.GenericTests@32ca32e6]" started-at="2022-02-20T16:14:41Z" name="cleanup" finished-at="2022-02-20T16:14:42Z" duration-ms="222" status="PASS">
          <reporter-output>
          </reporter-output>
        </test-method> <!-- cleanup -->
        <test-method is-config="true" signature="setupPage()[pri:0, instance:hr.ferit.dominikzivko.hgtest.GenericTests@32ca32e6]" started-at="2022-02-20T16:14:42Z" name="setupPage" finished-at="2022-02-20T16:14:42Z" duration-ms="884" status="PASS">
          <reporter-output>
          </reporter-output>
        </test-method> <!-- setupPage -->
        <test-method signature="Search returns result()[pri:0, instance:hr.ferit.dominikzivko.hgtest.GenericTests@32ca32e6]" started-at="2022-02-20T16:14:42Z" name="Search returns result" finished-at="2022-02-20T16:14:47Z" duration-ms="4690" status="PASS">
          <reporter-output>
          </reporter-output>
        </test-method> <!-- Search returns result -->
        <test-method is-config="true" signature="cleanup()[pri:0, instance:hr.ferit.dominikzivko.hgtest.GenericTests@32ca32e6]" started-at="2022-02-20T16:14:47Z" name="cleanup" finished-at="2022-02-20T16:14:47Z" duration-ms="199" status="PASS">
          <reporter-output>
          </reporter-output>
        </test-method> <!-- cleanup -->
      </class> <!-- hr.ferit.dominikzivko.hgtest.GenericTests -->
      <class name="hr.ferit.dominikzivko.hgtest.ResultsTests">
        <test-method is-config="true" signature="setupBrowser(java.lang.String)[pri:0, instance:hr.ferit.dominikzivko.hgtest.ResultsTests@71c521de]" started-at="2022-02-20T16:14:47Z" name="setupBrowser" finished-at="2022-02-20T16:14:47Z" duration-ms="32" status="PASS">
          <params>
            <param index="0">
              <value>
                <![CDATA[Chrome]]>
              </value>
            </param>
          </params>
          <reporter-output>
          </reporter-output>
        </test-method> <!-- setupBrowser -->
        <test-method is-config="true" signature="setupPage()[pri:0, instance:hr.ferit.dominikzivko.hgtest.ResultsTests@71c521de]" started-at="2022-02-20T16:14:47Z" name="setupPage" finished-at="2022-02-20T16:14:48Z" duration-ms="873" status="PASS">
          <reporter-output>
          </reporter-output>
        </test-method> <!-- setupPage -->
        <test-method signature="Category page accessible from home page()[pri:0, instance:hr.ferit.dominikzivko.hgtest.ResultsTests@71c521de]" started-at="2022-02-20T16:14:48Z" name="Category page accessible from home page" finished-at="2022-02-20T16:14:51Z" duration-ms="2916" status="PASS">
          <reporter-output>
          </reporter-output>
        </test-method> <!-- Category page accessible from home page -->
        <test-method is-config="true" signature="cleanup()[pri:0, instance:hr.ferit.dominikzivko.hgtest.ResultsTests@71c521de]" started-at="2022-02-20T16:14:51Z" name="cleanup" finished-at="2022-02-20T16:14:51Z" duration-ms="179" status="PASS">
          <reporter-output>
          </reporter-output>
        </test-method> <!-- cleanup -->
        <test-method is-config="true" signature="setupPage()[pri:0, instance:hr.ferit.dominikzivko.hgtest.ResultsTests@71c521de]" started-at="2022-02-20T16:14:51Z" name="setupPage" finished-at="2022-02-20T16:14:52Z" duration-ms="887" status="PASS">
          <reporter-output>
          </reporter-output>
        </test-method> <!-- setupPage -->
        <test-method signature="Price sorting can be changed()[pri:0, instance:hr.ferit.dominikzivko.hgtest.ResultsTests@71c521de]" started-at="2022-02-20T16:14:52Z" name="Price sorting can be changed" finished-at="2022-02-20T16:14:55Z" duration-ms="2743" status="PASS">
          <reporter-output>
          </reporter-output>
        </test-method> <!-- Price sorting can be changed -->
        <test-method is-config="true" signature="cleanup()[pri:0, instance:hr.ferit.dominikzivko.hgtest.ResultsTests@71c521de]" started-at="2022-02-20T16:14:55Z" name="cleanup" finished-at="2022-02-20T16:14:55Z" duration-ms="158" status="PASS">
          <reporter-output>
          </reporter-output>
        </test-method> <!-- cleanup -->
      </class> <!-- hr.ferit.dominikzivko.hgtest.ResultsTests -->
      <class name="hr.ferit.dominikzivko.hgtest.CartTests">
        <test-method is-config="true" signature="setupBrowser(java.lang.String)[pri:0, instance:hr.ferit.dominikzivko.hgtest.CartTests@427d71c7]" started-at="2022-02-20T16:14:55Z" name="setupBrowser" finished-at="2022-02-20T16:14:55Z" duration-ms="29" status="PASS">
          <params>
            <param index="0">
              <value>
                <![CDATA[Chrome]]>
              </value>
            </param>
          </params>
          <reporter-output>
          </reporter-output>
        </test-method> <!-- setupBrowser -->
        <test-method is-config="true" signature="setupPage()[pri:0, instance:hr.ferit.dominikzivko.hgtest.CartTests@427d71c7]" started-at="2022-02-20T16:14:55Z" name="setupPage" finished-at="2022-02-20T16:14:56Z" duration-ms="861" status="PASS">
          <reporter-output>
          </reporter-output>
        </test-method> <!-- setupPage -->
        <test-method signature="Add article to cart()[pri:0, instance:hr.ferit.dominikzivko.hgtest.CartTests@427d71c7]" started-at="2022-02-20T16:14:56Z" name="Add article to cart" finished-at="2022-02-20T16:14:59Z" duration-ms="2632" status="PASS">
          <reporter-output>
          </reporter-output>
        </test-method> <!-- Add article to cart -->
        <test-method is-config="true" signature="cleanup()[pri:0, instance:hr.ferit.dominikzivko.hgtest.CartTests@427d71c7]" started-at="2022-02-20T16:14:59Z" name="cleanup" finished-at="2022-02-20T16:14:59Z" duration-ms="246" status="PASS">
          <reporter-output>
          </reporter-output>
        </test-method> <!-- cleanup -->
        <test-method is-config="true" signature="setupPage()[pri:0, instance:hr.ferit.dominikzivko.hgtest.CartTests@427d71c7]" started-at="2022-02-20T16:14:59Z" name="setupPage" finished-at="2022-02-20T16:15:00Z" duration-ms="887" status="PASS">
          <reporter-output>
          </reporter-output>
        </test-method> <!-- setupPage -->
        <test-method signature="Modify article amount()[pri:0, instance:hr.ferit.dominikzivko.hgtest.CartTests@427d71c7]" started-at="2022-02-20T16:15:00Z" name="Modify article amount" finished-at="2022-02-20T16:15:04Z" duration-ms="3784" status="PASS">
          <reporter-output>
          </reporter-output>
        </test-method> <!-- Modify article amount -->
        <test-method is-config="true" signature="cleanup()[pri:0, instance:hr.ferit.dominikzivko.hgtest.CartTests@427d71c7]" started-at="2022-02-20T16:15:04Z" name="cleanup" finished-at="2022-02-20T16:15:04Z" duration-ms="256" status="PASS">
          <reporter-output>
          </reporter-output>
        </test-method> <!-- cleanup -->
        <test-method is-config="true" signature="setupPage()[pri:0, instance:hr.ferit.dominikzivko.hgtest.CartTests@427d71c7]" started-at="2022-02-20T16:15:04Z" name="setupPage" finished-at="2022-02-20T16:15:05Z" duration-ms="874" status="PASS">
          <reporter-output>
          </reporter-output>
        </test-method> <!-- setupPage -->
        <test-method signature="Remove article from cart()[pri:0, instance:hr.ferit.dominikzivko.hgtest.CartTests@427d71c7]" started-at="2022-02-20T16:15:05Z" name="Remove article from cart" finished-at="2022-02-20T16:15:13Z" duration-ms="8167" status="PASS">
          <reporter-output>
          </reporter-output>
        </test-method> <!-- Remove article from cart -->
        <test-method is-config="true" signature="cleanup()[pri:0, instance:hr.ferit.dominikzivko.hgtest.CartTests@427d71c7]" started-at="2022-02-20T16:15:13Z" name="cleanup" finished-at="2022-02-20T16:15:13Z" duration-ms="199" status="PASS">
          <reporter-output>
          </reporter-output>
        </test-method> <!-- cleanup -->
      </class> <!-- hr.ferit.dominikzivko.hgtest.CartTests -->
    </test> <!-- ChromeTest -->
    <test started-at="2022-02-20T15:15:13Z" name="FirefoxTest" finished-at="2022-02-20T15:16:06Z" duration-ms="52711">
      <class name="hr.ferit.dominikzivko.hgtest.GenericTests">
        <test-method is-config="true" signature="setupBrowser(java.lang.String)[pri:0, instance:hr.ferit.dominikzivko.hgtest.GenericTests@5d7641d]" started-at="2022-02-20T16:15:13Z" name="setupBrowser" finished-at="2022-02-20T16:15:13Z" duration-ms="28" status="PASS">
          <params>
            <param index="0">
              <value>
                <![CDATA[Firefox]]>
              </value>
            </param>
          </params>
          <reporter-output>
          </reporter-output>
        </test-method> <!-- setupBrowser -->
        <test-method is-config="true" signature="setupPage()[pri:0, instance:hr.ferit.dominikzivko.hgtest.GenericTests@5d7641d]" started-at="2022-02-20T16:15:13Z" name="setupPage" finished-at="2022-02-20T16:15:16Z" duration-ms="2789" status="PASS">
          <reporter-output>
          </reporter-output>
        </test-method> <!-- setupPage -->
        <test-method signature="Featured articles accessible from home page()[pri:0, instance:hr.ferit.dominikzivko.hgtest.GenericTests@5d7641d]" started-at="2022-02-20T16:15:16Z" name="Featured articles accessible from home page" finished-at="2022-02-20T16:15:17Z" duration-ms="1221" status="PASS">
          <reporter-output>
          </reporter-output>
        </test-method> <!-- Featured articles accessible from home page -->
        <test-method is-config="true" signature="cleanup()[pri:0, instance:hr.ferit.dominikzivko.hgtest.GenericTests@5d7641d]" started-at="2022-02-20T16:15:17Z" name="cleanup" finished-at="2022-02-20T16:15:18Z" duration-ms="870" status="PASS">
          <reporter-output>
          </reporter-output>
        </test-method> <!-- cleanup -->
        <test-method is-config="true" signature="setupPage()[pri:0, instance:hr.ferit.dominikzivko.hgtest.GenericTests@5d7641d]" started-at="2022-02-20T16:15:18Z" name="setupPage" finished-at="2022-02-20T16:15:21Z" duration-ms="2769" status="PASS">
          <reporter-output>
          </reporter-output>
        </test-method> <!-- setupPage -->
        <test-method signature="Search returns result()[pri:0, instance:hr.ferit.dominikzivko.hgtest.GenericTests@5d7641d]" started-at="2022-02-20T16:15:21Z" name="Search returns result" finished-at="2022-02-20T16:15:23Z" duration-ms="1793" status="PASS">
          <reporter-output>
          </reporter-output>
        </test-method> <!-- Search returns result -->
        <test-method is-config="true" signature="cleanup()[pri:0, instance:hr.ferit.dominikzivko.hgtest.GenericTests@5d7641d]" started-at="2022-02-20T16:15:23Z" name="cleanup" finished-at="2022-02-20T16:15:23Z" duration-ms="860" status="PASS">
          <reporter-output>
          </reporter-output>
        </test-method> <!-- cleanup -->
      </class> <!-- hr.ferit.dominikzivko.hgtest.GenericTests -->
      <class name="hr.ferit.dominikzivko.hgtest.ResultsTests">
        <test-method is-config="true" signature="setupBrowser(java.lang.String)[pri:0, instance:hr.ferit.dominikzivko.hgtest.ResultsTests@6714917c]" started-at="2022-02-20T16:15:23Z" name="setupBrowser" finished-at="2022-02-20T16:15:23Z" duration-ms="27" status="PASS">
          <params>
            <param index="0">
              <value>
                <![CDATA[Firefox]]>
              </value>
            </param>
          </params>
          <reporter-output>
          </reporter-output>
        </test-method> <!-- setupBrowser -->
        <test-method is-config="true" signature="setupPage()[pri:0, instance:hr.ferit.dominikzivko.hgtest.ResultsTests@6714917c]" started-at="2022-02-20T16:15:23Z" name="setupPage" finished-at="2022-02-20T16:15:26Z" duration-ms="2739" status="PASS">
          <reporter-output>
          </reporter-output>
        </test-method> <!-- setupPage -->
        <test-method signature="Category page accessible from home page()[pri:0, instance:hr.ferit.dominikzivko.hgtest.ResultsTests@6714917c]" started-at="2022-02-20T16:15:26Z" name="Category page accessible from home page" finished-at="2022-02-20T16:15:29Z" duration-ms="3112" status="PASS">
          <reporter-output>
          </reporter-output>
        </test-method> <!-- Category page accessible from home page -->
        <test-method is-config="true" signature="cleanup()[pri:0, instance:hr.ferit.dominikzivko.hgtest.ResultsTests@6714917c]" started-at="2022-02-20T16:15:29Z" name="cleanup" finished-at="2022-02-20T16:15:31Z" duration-ms="1522" status="PASS">
          <reporter-output>
          </reporter-output>
        </test-method> <!-- cleanup -->
        <test-method is-config="true" signature="setupPage()[pri:0, instance:hr.ferit.dominikzivko.hgtest.ResultsTests@6714917c]" started-at="2022-02-20T16:15:31Z" name="setupPage" finished-at="2022-02-20T16:15:34Z" duration-ms="2770" status="PASS">
          <reporter-output>
          </reporter-output>
        </test-method> <!-- setupPage -->
        <test-method signature="Price sorting can be changed()[pri:0, instance:hr.ferit.dominikzivko.hgtest.ResultsTests@6714917c]" started-at="2022-02-20T16:15:34Z" name="Price sorting can be changed" finished-at="2022-02-20T16:15:37Z" duration-ms="3151" status="PASS">
          <reporter-output>
          </reporter-output>
        </test-method> <!-- Price sorting can be changed -->
        <test-method is-config="true" signature="cleanup()[pri:0, instance:hr.ferit.dominikzivko.hgtest.ResultsTests@6714917c]" started-at="2022-02-20T16:15:37Z" name="cleanup" finished-at="2022-02-20T16:15:38Z" duration-ms="828" status="PASS">
          <reporter-output>
          </reporter-output>
        </test-method> <!-- cleanup -->
      </class> <!-- hr.ferit.dominikzivko.hgtest.ResultsTests -->
      <class name="hr.ferit.dominikzivko.hgtest.CartTests">
        <test-method is-config="true" signature="setupBrowser(java.lang.String)[pri:0, instance:hr.ferit.dominikzivko.hgtest.CartTests@2587ecc5]" started-at="2022-02-20T16:15:38Z" name="setupBrowser" finished-at="2022-02-20T16:15:38Z" duration-ms="22" status="PASS">
          <params>
            <param index="0">
              <value>
                <![CDATA[Firefox]]>
              </value>
            </param>
          </params>
          <reporter-output>
          </reporter-output>
        </test-method> <!-- setupBrowser -->
        <test-method is-config="true" signature="setupPage()[pri:0, instance:hr.ferit.dominikzivko.hgtest.CartTests@2587ecc5]" started-at="2022-02-20T16:15:38Z" name="setupPage" finished-at="2022-02-20T16:15:40Z" duration-ms="2782" status="PASS">
          <reporter-output>
          </reporter-output>
        </test-method> <!-- setupPage -->
        <test-method signature="Add article to cart()[pri:0, instance:hr.ferit.dominikzivko.hgtest.CartTests@2587ecc5]" started-at="2022-02-20T16:15:40Z" name="Add article to cart" finished-at="2022-02-20T16:15:44Z" duration-ms="3606" status="PASS">
          <reporter-output>
          </reporter-output>
        </test-method> <!-- Add article to cart -->
        <test-method is-config="true" signature="cleanup()[pri:0, instance:hr.ferit.dominikzivko.hgtest.CartTests@2587ecc5]" started-at="2022-02-20T16:15:44Z" name="cleanup" finished-at="2022-02-20T16:15:45Z" duration-ms="908" status="PASS">
          <reporter-output>
          </reporter-output>
        </test-method> <!-- cleanup -->
        <test-method is-config="true" signature="setupPage()[pri:0, instance:hr.ferit.dominikzivko.hgtest.CartTests@2587ecc5]" started-at="2022-02-20T16:15:45Z" name="setupPage" finished-at="2022-02-20T16:15:48Z" duration-ms="2760" status="PASS">
          <reporter-output>
          </reporter-output>
        </test-method> <!-- setupPage -->
        <test-method signature="Modify article amount()[pri:0, instance:hr.ferit.dominikzivko.hgtest.CartTests@2587ecc5]" started-at="2022-02-20T16:15:48Z" name="Modify article amount" finished-at="2022-02-20T16:15:52Z" duration-ms="4223" status="PASS">
          <reporter-output>
          </reporter-output>
        </test-method> <!-- Modify article amount -->
        <test-method is-config="true" signature="cleanup()[pri:0, instance:hr.ferit.dominikzivko.hgtest.CartTests@2587ecc5]" started-at="2022-02-20T16:15:52Z" name="cleanup" finished-at="2022-02-20T16:15:53Z" duration-ms="904" status="PASS">
          <reporter-output>
          </reporter-output>
        </test-method> <!-- cleanup -->
        <test-method is-config="true" signature="setupPage()[pri:0, instance:hr.ferit.dominikzivko.hgtest.CartTests@2587ecc5]" started-at="2022-02-20T16:15:53Z" name="setupPage" finished-at="2022-02-20T16:15:55Z" duration-ms="2749" status="PASS">
          <reporter-output>
          </reporter-output>
        </test-method> <!-- setupPage -->
        <test-method signature="Remove article from cart()[pri:0, instance:hr.ferit.dominikzivko.hgtest.CartTests@2587ecc5]" started-at="2022-02-20T16:15:55Z" name="Remove article from cart" finished-at="2022-02-20T16:16:05Z" duration-ms="9371" status="PASS">
          <reporter-output>
          </reporter-output>
        </test-method> <!-- Remove article from cart -->
        <test-method is-config="true" signature="cleanup()[pri:0, instance:hr.ferit.dominikzivko.hgtest.CartTests@2587ecc5]" started-at="2022-02-20T16:16:05Z" name="cleanup" finished-at="2022-02-20T16:16:06Z" duration-ms="900" status="PASS">
          <reporter-output>
          </reporter-output>
        </test-method> <!-- cleanup -->
      </class> <!-- hr.ferit.dominikzivko.hgtest.CartTests -->
    </test> <!-- FirefoxTest -->
    <test started-at="2022-02-20T15:16:06Z" name="EdgeTest" finished-at="2022-02-20T15:16:49Z" duration-ms="43733">
      <class name="hr.ferit.dominikzivko.hgtest.GenericTests">
        <test-method is-config="true" signature="setupBrowser(java.lang.String)[pri:0, instance:hr.ferit.dominikzivko.hgtest.GenericTests@7fdc3e8e]" started-at="2022-02-20T16:16:06Z" name="setupBrowser" finished-at="2022-02-20T16:16:06Z" duration-ms="22" status="PASS">
          <params>
            <param index="0">
              <value>
                <![CDATA[Edge]]>
              </value>
            </param>
          </params>
          <reporter-output>
          </reporter-output>
        </test-method> <!-- setupBrowser -->
        <test-method is-config="true" signature="setupPage()[pri:0, instance:hr.ferit.dominikzivko.hgtest.GenericTests@7fdc3e8e]" started-at="2022-02-20T16:16:06Z" name="setupPage" finished-at="2022-02-20T16:16:07Z" duration-ms="875" status="PASS">
          <reporter-output>
          </reporter-output>
        </test-method> <!-- setupPage -->
        <test-method signature="Featured articles accessible from home page()[pri:0, instance:hr.ferit.dominikzivko.hgtest.GenericTests@7fdc3e8e]" started-at="2022-02-20T16:16:07Z" name="Featured articles accessible from home page" finished-at="2022-02-20T16:16:08Z" duration-ms="1389" status="PASS">
          <reporter-output>
          </reporter-output>
        </test-method> <!-- Featured articles accessible from home page -->
        <test-method is-config="true" signature="cleanup()[pri:0, instance:hr.ferit.dominikzivko.hgtest.GenericTests@7fdc3e8e]" started-at="2022-02-20T16:16:08Z" name="cleanup" finished-at="2022-02-20T16:16:08Z" duration-ms="190" status="PASS">
          <reporter-output>
          </reporter-output>
        </test-method> <!-- cleanup -->
        <test-method is-config="true" signature="setupPage()[pri:0, instance:hr.ferit.dominikzivko.hgtest.GenericTests@7fdc3e8e]" started-at="2022-02-20T16:16:08Z" name="setupPage" finished-at="2022-02-20T16:16:09Z" duration-ms="877" status="PASS">
          <reporter-output>
          </reporter-output>
        </test-method> <!-- setupPage -->
        <test-method signature="Search returns result()[pri:0, instance:hr.ferit.dominikzivko.hgtest.GenericTests@7fdc3e8e]" started-at="2022-02-20T16:16:09Z" name="Search returns result" finished-at="2022-02-20T16:16:13Z" duration-ms="3522" status="PASS">
          <reporter-output>
          </reporter-output>
        </test-method> <!-- Search returns result -->
        <test-method is-config="true" signature="cleanup()[pri:0, instance:hr.ferit.dominikzivko.hgtest.GenericTests@7fdc3e8e]" started-at="2022-02-20T16:16:13Z" name="cleanup" finished-at="2022-02-20T16:16:13Z" duration-ms="235" status="PASS">
          <reporter-output>
          </reporter-output>
        </test-method> <!-- cleanup -->
      </class> <!-- hr.ferit.dominikzivko.hgtest.GenericTests -->
      <class name="hr.ferit.dominikzivko.hgtest.ResultsTests">
        <test-method is-config="true" signature="setupBrowser(java.lang.String)[pri:0, instance:hr.ferit.dominikzivko.hgtest.ResultsTests@3a1855e8]" started-at="2022-02-20T16:16:13Z" name="setupBrowser" finished-at="2022-02-20T16:16:13Z" duration-ms="28" status="PASS">
          <params>
            <param index="0">
              <value>
                <![CDATA[Edge]]>
              </value>
            </param>
          </params>
          <reporter-output>
          </reporter-output>
        </test-method> <!-- setupBrowser -->
        <test-method is-config="true" signature="setupPage()[pri:0, instance:hr.ferit.dominikzivko.hgtest.ResultsTests@3a1855e8]" started-at="2022-02-20T16:16:13Z" name="setupPage" finished-at="2022-02-20T16:16:14Z" duration-ms="817" status="PASS">
          <reporter-output>
          </reporter-output>
        </test-method> <!-- setupPage -->
        <test-method signature="Category page accessible from home page()[pri:0, instance:hr.ferit.dominikzivko.hgtest.ResultsTests@3a1855e8]" started-at="2022-02-20T16:16:14Z" name="Category page accessible from home page" finished-at="2022-02-20T16:16:17Z" duration-ms="3227" status="PASS">
          <reporter-output>
          </reporter-output>
        </test-method> <!-- Category page accessible from home page -->
        <test-method is-config="true" signature="cleanup()[pri:0, instance:hr.ferit.dominikzivko.hgtest.ResultsTests@3a1855e8]" started-at="2022-02-20T16:16:17Z" name="cleanup" finished-at="2022-02-20T16:16:17Z" duration-ms="208" status="PASS">
          <reporter-output>
          </reporter-output>
        </test-method> <!-- cleanup -->
        <test-method is-config="true" signature="setupPage()[pri:0, instance:hr.ferit.dominikzivko.hgtest.ResultsTests@3a1855e8]" started-at="2022-02-20T16:16:17Z" name="setupPage" finished-at="2022-02-20T16:16:18Z" duration-ms="822" status="PASS">
          <reporter-output>
          </reporter-output>
        </test-method> <!-- setupPage -->
        <test-method signature="Price sorting can be changed()[pri:0, instance:hr.ferit.dominikzivko.hgtest.ResultsTests@3a1855e8]" started-at="2022-02-20T16:16:18Z" name="Price sorting can be changed" finished-at="2022-02-20T16:16:28Z" duration-ms="9812" status="PASS">
          <reporter-output>
          </reporter-output>
        </test-method> <!-- Price sorting can be changed -->
        <test-method is-config="true" signature="cleanup()[pri:0, instance:hr.ferit.dominikzivko.hgtest.ResultsTests@3a1855e8]" started-at="2022-02-20T16:16:28Z" name="cleanup" finished-at="2022-02-20T16:16:28Z" duration-ms="250" status="PASS">
          <reporter-output>
          </reporter-output>
        </test-method> <!-- cleanup -->
      </class> <!-- hr.ferit.dominikzivko.hgtest.ResultsTests -->
      <class name="hr.ferit.dominikzivko.hgtest.CartTests">
        <test-method is-config="true" signature="setupBrowser(java.lang.String)[pri:0, instance:hr.ferit.dominikzivko.hgtest.CartTests@3cdc7235]" started-at="2022-02-20T16:16:28Z" name="setupBrowser" finished-at="2022-02-20T16:16:28Z" duration-ms="21" status="PASS">
          <params>
            <param index="0">
              <value>
                <![CDATA[Edge]]>
              </value>
            </param>
          </params>
          <reporter-output>
          </reporter-output>
        </test-method> <!-- setupBrowser -->
        <test-method is-config="true" signature="setupPage()[pri:0, instance:hr.ferit.dominikzivko.hgtest.CartTests@3cdc7235]" started-at="2022-02-20T16:16:28Z" name="setupPage" finished-at="2022-02-20T16:16:29Z" duration-ms="847" status="PASS">
          <reporter-output>
          </reporter-output>
        </test-method> <!-- setupPage -->
        <test-method signature="Add article to cart()[pri:0, instance:hr.ferit.dominikzivko.hgtest.CartTests@3cdc7235]" started-at="2022-02-20T16:16:29Z" name="Add article to cart" finished-at="2022-02-20T16:16:32Z" duration-ms="2627" status="PASS">
          <reporter-output>
          </reporter-output>
        </test-method> <!-- Add article to cart -->
        <test-method is-config="true" signature="cleanup()[pri:0, instance:hr.ferit.dominikzivko.hgtest.CartTests@3cdc7235]" started-at="2022-02-20T16:16:32Z" name="cleanup" finished-at="2022-02-20T16:16:32Z" duration-ms="263" status="PASS">
          <reporter-output>
          </reporter-output>
        </test-method> <!-- cleanup -->
        <test-method is-config="true" signature="setupPage()[pri:0, instance:hr.ferit.dominikzivko.hgtest.CartTests@3cdc7235]" started-at="2022-02-20T16:16:32Z" name="setupPage" finished-at="2022-02-20T16:16:33Z" duration-ms="841" status="PASS">
          <reporter-output>
          </reporter-output>
        </test-method> <!-- setupPage -->
        <test-method signature="Modify article amount()[pri:0, instance:hr.ferit.dominikzivko.hgtest.CartTests@3cdc7235]" started-at="2022-02-20T16:16:33Z" name="Modify article amount" finished-at="2022-02-20T16:16:40Z" duration-ms="7433" status="PASS">
          <reporter-output>
          </reporter-output>
        </test-method> <!-- Modify article amount -->
        <test-method is-config="true" signature="cleanup()[pri:0, instance:hr.ferit.dominikzivko.hgtest.CartTests@3cdc7235]" started-at="2022-02-20T16:16:40Z" name="cleanup" finished-at="2022-02-20T16:16:40Z" duration-ms="247" status="PASS">
          <reporter-output>
          </reporter-output>
        </test-method> <!-- cleanup -->
        <test-method is-config="true" signature="setupPage()[pri:0, instance:hr.ferit.dominikzivko.hgtest.CartTests@3cdc7235]" started-at="2022-02-20T16:16:40Z" name="setupPage" finished-at="2022-02-20T16:16:41Z" duration-ms="837" status="PASS">
          <reporter-output>
          </reporter-output>
        </test-method> <!-- setupPage -->
        <test-method signature="Remove article from cart()[pri:0, instance:hr.ferit.dominikzivko.hgtest.CartTests@3cdc7235]" started-at="2022-02-20T16:16:41Z" name="Remove article from cart" finished-at="2022-02-20T16:16:49Z" duration-ms="8113" status="PASS">
          <reporter-output>
          </reporter-output>
        </test-method> <!-- Remove article from cart -->
        <test-method is-config="true" signature="cleanup()[pri:0, instance:hr.ferit.dominikzivko.hgtest.CartTests@3cdc7235]" started-at="2022-02-20T16:16:49Z" name="cleanup" finished-at="2022-02-20T16:16:49Z" duration-ms="228" status="PASS">
          <reporter-output>
          </reporter-output>
        </test-method> <!-- cleanup -->
      </class> <!-- hr.ferit.dominikzivko.hgtest.CartTests -->
    </test> <!-- EdgeTest -->
  </suite> <!-- TestSuite -->
</testng-results>
