<?xml version="1.0" encoding="UTF-8"?>
<testng-results ignored="0" total="21" passed="21" failed="0" skipped="0">
  <reporter-output>
  </reporter-output>
  <suite started-at="2022-02-20T16:43:07Z" name="TestSuite" finished-at="2022-02-20T16:45:43Z" duration-ms="156142">
    <groups>
    </groups>
    <test started-at="2022-02-20T16:43:07Z" name="ChromeTest" finished-at="2022-02-20T16:43:49Z" duration-ms="41875">
      <class name="hr.ferit.dominikzivko.hgtest.GenericTests">
        <test-method is-config="true" signature="setupBrowser(java.lang.String)[pri:0, instance:hr.ferit.dominikzivko.hgtest.GenericTests@3a36273a]" started-at="2022-02-20T17:43:07Z" name="setupBrowser" finished-at="2022-02-20T17:43:08Z" duration-ms="645" status="PASS">
          <params>
            <param index="0">
              <value>
                <![CDATA[Chrome]]>
              </value>
            </param>
          </params>
          <reporter-output>
          </reporter-output>
        </test-method> <!-- setupBrowser -->
        <test-method is-config="true" signature="setupPage()[pri:0, instance:hr.ferit.dominikzivko.hgtest.GenericTests@3a36273a]" started-at="2022-02-20T17:43:08Z" name="setupPage" finished-at="2022-02-20T17:43:09Z" duration-ms="1610" status="PASS">
          <reporter-output>
          </reporter-output>
        </test-method> <!-- setupPage -->
        <test-method signature="Featured articles accessible from home page()[pri:0, instance:hr.ferit.dominikzivko.hgtest.GenericTests@3a36273a]" started-at="2022-02-20T17:43:09Z" name="Featured articles accessible from home page" finished-at="2022-02-20T17:43:11Z" duration-ms="1840" status="PASS">
          <reporter-output>
          </reporter-output>
        </test-method> <!-- Featured articles accessible from home page -->
        <test-method is-config="true" signature="cleanup()[pri:0, instance:hr.ferit.dominikzivko.hgtest.GenericTests@3a36273a]" started-at="2022-02-20T17:43:11Z" name="cleanup" finished-at="2022-02-20T17:43:11Z" duration-ms="241" status="PASS">
          <reporter-output>
          </reporter-output>
        </test-method> <!-- cleanup -->
        <test-method is-config="true" signature="setupPage()[pri:0, instance:hr.ferit.dominikzivko.hgtest.GenericTests@3a36273a]" started-at="2022-02-20T17:43:11Z" name="setupPage" finished-at="2022-02-20T17:43:12Z" duration-ms="896" status="PASS">
          <reporter-output>
          </reporter-output>
        </test-method> <!-- setupPage -->
        <test-method signature="Search returns result()[pri:0, instance:hr.ferit.dominikzivko.hgtest.GenericTests@3a36273a]" started-at="2022-02-20T17:43:12Z" name="Search returns result" finished-at="2022-02-20T17:43:17Z" duration-ms="5136" status="PASS">
          <reporter-output>
          </reporter-output>
        </test-method> <!-- Search returns result -->
        <test-method is-config="true" signature="cleanup()[pri:0, instance:hr.ferit.dominikzivko.hgtest.GenericTests@3a36273a]" started-at="2022-02-20T17:43:17Z" name="cleanup" finished-at="2022-02-20T17:43:18Z" duration-ms="209" status="PASS">
          <reporter-output>
          </reporter-output>
        </test-method> <!-- cleanup -->
      </class> <!-- hr.ferit.dominikzivko.hgtest.GenericTests -->
      <class name="hr.ferit.dominikzivko.hgtest.ResultsTests">
        <test-method is-config="true" signature="setupBrowser(java.lang.String)[pri:0, instance:hr.ferit.dominikzivko.hgtest.ResultsTests@4562a489]" started-at="2022-02-20T17:43:18Z" name="setupBrowser" finished-at="2022-02-20T17:43:18Z" duration-ms="33" status="PASS">
          <params>
            <param index="0">
              <value>
                <![CDATA[Chrome]]>
              </value>
            </param>
          </params>
          <reporter-output>
          </reporter-output>
        </test-method> <!-- setupBrowser -->
        <test-method is-config="true" signature="setupPage()[pri:0, instance:hr.ferit.dominikzivko.hgtest.ResultsTests@4562a489]" started-at="2022-02-20T17:43:18Z" name="setupPage" finished-at="2022-02-20T17:43:19Z" duration-ms="866" status="PASS">
          <reporter-output>
          </reporter-output>
        </test-method> <!-- setupPage -->
        <test-method signature="Category page accessible from home page()[pri:0, instance:hr.ferit.dominikzivko.hgtest.ResultsTests@4562a489]" started-at="2022-02-20T17:43:19Z" name="Category page accessible from home page" finished-at="2022-02-20T17:43:22Z" duration-ms="3027" status="PASS">
          <reporter-output>
          </reporter-output>
        </test-method> <!-- Category page accessible from home page -->
        <test-method is-config="true" signature="cleanup()[pri:0, instance:hr.ferit.dominikzivko.hgtest.ResultsTests@4562a489]" started-at="2022-02-20T17:43:22Z" name="cleanup" finished-at="2022-02-20T17:43:22Z" duration-ms="185" status="PASS">
          <reporter-output>
          </reporter-output>
        </test-method> <!-- cleanup -->
        <test-method is-config="true" signature="setupPage()[pri:0, instance:hr.ferit.dominikzivko.hgtest.ResultsTests@4562a489]" started-at="2022-02-20T17:43:22Z" name="setupPage" finished-at="2022-02-20T17:43:23Z" duration-ms="879" status="PASS">
          <reporter-output>
          </reporter-output>
        </test-method> <!-- setupPage -->
        <test-method signature="Price sorting can be changed()[pri:0, instance:hr.ferit.dominikzivko.hgtest.ResultsTests@4562a489]" started-at="2022-02-20T17:43:23Z" name="Price sorting can be changed" finished-at="2022-02-20T17:43:26Z" duration-ms="3066" status="PASS">
          <reporter-output>
          </reporter-output>
        </test-method> <!-- Price sorting can be changed -->
        <test-method is-config="true" signature="cleanup()[pri:0, instance:hr.ferit.dominikzivko.hgtest.ResultsTests@4562a489]" started-at="2022-02-20T17:43:26Z" name="cleanup" finished-at="2022-02-20T17:43:26Z" duration-ms="127" status="PASS">
          <reporter-output>
          </reporter-output>
        </test-method> <!-- cleanup -->
      </class> <!-- hr.ferit.dominikzivko.hgtest.ResultsTests -->
      <class name="hr.ferit.dominikzivko.hgtest.CartTests">
        <test-method is-config="true" signature="setupBrowser(java.lang.String)[pri:0, instance:hr.ferit.dominikzivko.hgtest.CartTests@407214d8]" started-at="2022-02-20T17:43:26Z" name="setupBrowser" finished-at="2022-02-20T17:43:26Z" duration-ms="31" status="PASS">
          <params>
            <param index="0">
              <value>
                <![CDATA[Chrome]]>
              </value>
            </param>
          </params>
          <reporter-output>
          </reporter-output>
        </test-method> <!-- setupBrowser -->
        <test-method is-config="true" signature="setupPage()[pri:0, instance:hr.ferit.dominikzivko.hgtest.CartTests@407214d8]" started-at="2022-02-20T17:43:26Z" name="setupPage" finished-at="2022-02-20T17:43:27Z" duration-ms="887" status="PASS">
          <reporter-output>
          </reporter-output>
        </test-method> <!-- setupPage -->
        <test-method signature="Add article to cart()[pri:0, instance:hr.ferit.dominikzivko.hgtest.CartTests@407214d8]" started-at="2022-02-20T17:43:27Z" name="Add article to cart" finished-at="2022-02-20T17:43:30Z" duration-ms="3532" status="PASS">
          <reporter-output>
          </reporter-output>
        </test-method> <!-- Add article to cart -->
        <test-method is-config="true" signature="cleanup()[pri:0, instance:hr.ferit.dominikzivko.hgtest.CartTests@407214d8]" started-at="2022-02-20T17:43:30Z" name="cleanup" finished-at="2022-02-20T17:43:31Z" duration-ms="249" status="PASS">
          <reporter-output>
          </reporter-output>
        </test-method> <!-- cleanup -->
        <test-method is-config="true" signature="setupPage()[pri:0, instance:hr.ferit.dominikzivko.hgtest.CartTests@407214d8]" started-at="2022-02-20T17:43:31Z" name="setupPage" finished-at="2022-02-20T17:43:31Z" duration-ms="883" status="PASS">
          <reporter-output>
          </reporter-output>
        </test-method> <!-- setupPage -->
        <test-method signature="Modify article amount()[pri:0, instance:hr.ferit.dominikzivko.hgtest.CartTests@407214d8]" started-at="2022-02-20T17:43:31Z" name="Modify article amount" finished-at="2022-02-20T17:43:38Z" duration-ms="6242" status="PASS">
          <reporter-output>
          </reporter-output>
        </test-method> <!-- Modify article amount -->
        <test-method is-config="true" signature="cleanup()[pri:0, instance:hr.ferit.dominikzivko.hgtest.CartTests@407214d8]" started-at="2022-02-20T17:43:38Z" name="cleanup" finished-at="2022-02-20T17:43:38Z" duration-ms="255" status="PASS">
          <reporter-output>
          </reporter-output>
        </test-method> <!-- cleanup -->
        <test-method is-config="true" signature="setupPage()[pri:0, instance:hr.ferit.dominikzivko.hgtest.CartTests@407214d8]" started-at="2022-02-20T17:43:38Z" name="setupPage" finished-at="2022-02-20T17:43:39Z" duration-ms="857" status="PASS">
          <reporter-output>
          </reporter-output>
        </test-method> <!-- setupPage -->
        <test-method signature="Remove article from cart()[pri:0, instance:hr.ferit.dominikzivko.hgtest.CartTests@407214d8]" started-at="2022-02-20T17:43:39Z" name="Remove article from cart" finished-at="2022-02-20T17:43:49Z" duration-ms="9982" status="PASS">
          <reporter-output>
          </reporter-output>
        </test-method> <!-- Remove article from cart -->
        <test-method is-config="true" signature="cleanup()[pri:0, instance:hr.ferit.dominikzivko.hgtest.CartTests@407214d8]" started-at="2022-02-20T17:43:49Z" name="cleanup" finished-at="2022-02-20T17:43:49Z" duration-ms="183" status="PASS">
          <reporter-output>
          </reporter-output>
        </test-method> <!-- cleanup -->
      </class> <!-- hr.ferit.dominikzivko.hgtest.CartTests -->
    </test> <!-- ChromeTest -->
    <test started-at="2022-02-20T16:43:49Z" name="FirefoxTest" finished-at="2022-02-20T16:44:46Z" duration-ms="56581">
      <class name="hr.ferit.dominikzivko.hgtest.GenericTests">
        <test-method is-config="true" signature="setupBrowser(java.lang.String)[pri:0, instance:hr.ferit.dominikzivko.hgtest.GenericTests@fe9a227]" started-at="2022-02-20T17:43:49Z" name="setupBrowser" finished-at="2022-02-20T17:43:49Z" duration-ms="28" status="PASS">
          <params>
            <param index="0">
              <value>
                <![CDATA[Firefox]]>
              </value>
            </param>
          </params>
          <reporter-output>
          </reporter-output>
        </test-method> <!-- setupBrowser -->
        <test-method is-config="true" signature="setupPage()[pri:0, instance:hr.ferit.dominikzivko.hgtest.GenericTests@fe9a227]" started-at="2022-02-20T17:43:49Z" name="setupPage" finished-at="2022-02-20T17:43:52Z" duration-ms="2762" status="PASS">
          <reporter-output>
          </reporter-output>
        </test-method> <!-- setupPage -->
        <test-method signature="Featured articles accessible from home page()[pri:0, instance:hr.ferit.dominikzivko.hgtest.GenericTests@fe9a227]" started-at="2022-02-20T17:43:52Z" name="Featured articles accessible from home page" finished-at="2022-02-20T17:43:53Z" duration-ms="1275" status="PASS">
          <reporter-output>
          </reporter-output>
        </test-method> <!-- Featured articles accessible from home page -->
        <test-method is-config="true" signature="cleanup()[pri:0, instance:hr.ferit.dominikzivko.hgtest.GenericTests@fe9a227]" started-at="2022-02-20T17:43:53Z" name="cleanup" finished-at="2022-02-20T17:43:54Z" duration-ms="888" status="PASS">
          <reporter-output>
          </reporter-output>
        </test-method> <!-- cleanup -->
        <test-method is-config="true" signature="setupPage()[pri:0, instance:hr.ferit.dominikzivko.hgtest.GenericTests@fe9a227]" started-at="2022-02-20T17:43:54Z" name="setupPage" finished-at="2022-02-20T17:43:57Z" duration-ms="2758" status="PASS">
          <reporter-output>
          </reporter-output>
        </test-method> <!-- setupPage -->
        <test-method signature="Search returns result()[pri:0, instance:hr.ferit.dominikzivko.hgtest.GenericTests@fe9a227]" started-at="2022-02-20T17:43:57Z" name="Search returns result" finished-at="2022-02-20T17:44:02Z" duration-ms="4921" status="PASS">
          <reporter-output>
          </reporter-output>
        </test-method> <!-- Search returns result -->
        <test-method is-config="true" signature="cleanup()[pri:0, instance:hr.ferit.dominikzivko.hgtest.GenericTests@fe9a227]" started-at="2022-02-20T17:44:02Z" name="cleanup" finished-at="2022-02-20T17:44:03Z" duration-ms="890" status="PASS">
          <reporter-output>
          </reporter-output>
        </test-method> <!-- cleanup -->
      </class> <!-- hr.ferit.dominikzivko.hgtest.GenericTests -->
      <class name="hr.ferit.dominikzivko.hgtest.ResultsTests">
        <test-method is-config="true" signature="setupBrowser(java.lang.String)[pri:0, instance:hr.ferit.dominikzivko.hgtest.ResultsTests@56ac9710]" started-at="2022-02-20T17:44:03Z" name="setupBrowser" finished-at="2022-02-20T17:44:03Z" duration-ms="26" status="PASS">
          <params>
            <param index="0">
              <value>
                <![CDATA[Firefox]]>
              </value>
            </param>
          </params>
          <reporter-output>
          </reporter-output>
        </test-method> <!-- setupBrowser -->
        <test-method is-config="true" signature="setupPage()[pri:0, instance:hr.ferit.dominikzivko.hgtest.ResultsTests@56ac9710]" started-at="2022-02-20T17:44:03Z" name="setupPage" finished-at="2022-02-20T17:44:05Z" duration-ms="2752" status="PASS">
          <reporter-output>
          </reporter-output>
        </test-method> <!-- setupPage -->
        <test-method signature="Category page accessible from home page()[pri:0, instance:hr.ferit.dominikzivko.hgtest.ResultsTests@56ac9710]" started-at="2022-02-20T17:44:05Z" name="Category page accessible from home page" finished-at="2022-02-20T17:44:09Z" duration-ms="3453" status="PASS">
          <reporter-output>
          </reporter-output>
        </test-method> <!-- Category page accessible from home page -->
        <test-method is-config="true" signature="cleanup()[pri:0, instance:hr.ferit.dominikzivko.hgtest.ResultsTests@56ac9710]" started-at="2022-02-20T17:44:09Z" name="cleanup" finished-at="2022-02-20T17:44:10Z" duration-ms="888" status="PASS">
          <reporter-output>
          </reporter-output>
        </test-method> <!-- cleanup -->
        <test-method is-config="true" signature="setupPage()[pri:0, instance:hr.ferit.dominikzivko.hgtest.ResultsTests@56ac9710]" started-at="2022-02-20T17:44:10Z" name="setupPage" finished-at="2022-02-20T17:44:12Z" duration-ms="2775" status="PASS">
          <reporter-output>
          </reporter-output>
        </test-method> <!-- setupPage -->
        <test-method signature="Price sorting can be changed()[pri:0, instance:hr.ferit.dominikzivko.hgtest.ResultsTests@56ac9710]" started-at="2022-02-20T17:44:12Z" name="Price sorting can be changed" finished-at="2022-02-20T17:44:15Z" duration-ms="3087" status="PASS">
          <reporter-output>
          </reporter-output>
        </test-method> <!-- Price sorting can be changed -->
        <test-method is-config="true" signature="cleanup()[pri:0, instance:hr.ferit.dominikzivko.hgtest.ResultsTests@56ac9710]" started-at="2022-02-20T17:44:15Z" name="cleanup" finished-at="2022-02-20T17:44:16Z" duration-ms="943" status="PASS">
          <reporter-output>
          </reporter-output>
        </test-method> <!-- cleanup -->
      </class> <!-- hr.ferit.dominikzivko.hgtest.ResultsTests -->
      <class name="hr.ferit.dominikzivko.hgtest.CartTests">
        <test-method is-config="true" signature="setupBrowser(java.lang.String)[pri:0, instance:hr.ferit.dominikzivko.hgtest.CartTests@5e8fdfd7]" started-at="2022-02-20T17:44:16Z" name="setupBrowser" finished-at="2022-02-20T17:44:16Z" duration-ms="24" status="PASS">
          <params>
            <param index="0">
              <value>
                <![CDATA[Firefox]]>
              </value>
            </param>
          </params>
          <reporter-output>
          </reporter-output>
        </test-method> <!-- setupBrowser -->
        <test-method is-config="true" signature="setupPage()[pri:0, instance:hr.ferit.dominikzivko.hgtest.CartTests@5e8fdfd7]" started-at="2022-02-20T17:44:16Z" name="setupPage" finished-at="2022-02-20T17:44:19Z" duration-ms="2747" status="PASS">
          <reporter-output>
          </reporter-output>
        </test-method> <!-- setupPage -->
        <test-method signature="Add article to cart()[pri:0, instance:hr.ferit.dominikzivko.hgtest.CartTests@5e8fdfd7]" started-at="2022-02-20T17:44:19Z" name="Add article to cart" finished-at="2022-02-20T17:44:23Z" duration-ms="3864" status="PASS">
          <reporter-output>
          </reporter-output>
        </test-method> <!-- Add article to cart -->
        <test-method is-config="true" signature="cleanup()[pri:0, instance:hr.ferit.dominikzivko.hgtest.CartTests@5e8fdfd7]" started-at="2022-02-20T17:44:23Z" name="cleanup" finished-at="2022-02-20T17:44:24Z" duration-ms="903" status="PASS">
          <reporter-output>
          </reporter-output>
        </test-method> <!-- cleanup -->
        <test-method is-config="true" signature="setupPage()[pri:0, instance:hr.ferit.dominikzivko.hgtest.CartTests@5e8fdfd7]" started-at="2022-02-20T17:44:24Z" name="setupPage" finished-at="2022-02-20T17:44:27Z" duration-ms="2764" status="PASS">
          <reporter-output>
          </reporter-output>
        </test-method> <!-- setupPage -->
        <test-method signature="Modify article amount()[pri:0, instance:hr.ferit.dominikzivko.hgtest.CartTests@5e8fdfd7]" started-at="2022-02-20T17:44:27Z" name="Modify article amount" finished-at="2022-02-20T17:44:32Z" duration-ms="5105" status="PASS">
          <reporter-output>
          </reporter-output>
        </test-method> <!-- Modify article amount -->
        <test-method is-config="true" signature="cleanup()[pri:0, instance:hr.ferit.dominikzivko.hgtest.CartTests@5e8fdfd7]" started-at="2022-02-20T17:44:32Z" name="cleanup" finished-at="2022-02-20T17:44:33Z" duration-ms="899" status="PASS">
          <reporter-output>
          </reporter-output>
        </test-method> <!-- cleanup -->
        <test-method is-config="true" signature="setupPage()[pri:0, instance:hr.ferit.dominikzivko.hgtest.CartTests@5e8fdfd7]" started-at="2022-02-20T17:44:33Z" name="setupPage" finished-at="2022-02-20T17:44:35Z" duration-ms="2756" status="PASS">
          <reporter-output>
          </reporter-output>
        </test-method> <!-- setupPage -->
        <test-method signature="Remove article from cart()[pri:0, instance:hr.ferit.dominikzivko.hgtest.CartTests@5e8fdfd7]" started-at="2022-02-20T17:44:35Z" name="Remove article from cart" finished-at="2022-02-20T17:44:45Z" duration-ms="9158" status="PASS">
          <reporter-output>
          </reporter-output>
        </test-method> <!-- Remove article from cart -->
        <test-method is-config="true" signature="cleanup()[pri:0, instance:hr.ferit.dominikzivko.hgtest.CartTests@5e8fdfd7]" started-at="2022-02-20T17:44:45Z" name="cleanup" finished-at="2022-02-20T17:44:46Z" duration-ms="914" status="PASS">
          <reporter-output>
          </reporter-output>
        </test-method> <!-- cleanup -->
      </class> <!-- hr.ferit.dominikzivko.hgtest.CartTests -->
    </test> <!-- FirefoxTest -->
    <test started-at="2022-02-20T16:44:46Z" name="EdgeTest" finished-at="2022-02-20T16:45:43Z" duration-ms="57670">
      <class name="hr.ferit.dominikzivko.hgtest.GenericTests">
        <test-method is-config="true" signature="setupBrowser(java.lang.String)[pri:0, instance:hr.ferit.dominikzivko.hgtest.GenericTests@700de5db]" started-at="2022-02-20T17:44:46Z" name="setupBrowser" finished-at="2022-02-20T17:44:46Z" duration-ms="26" status="PASS">
          <params>
            <param index="0">
              <value>
                <![CDATA[Edge]]>
              </value>
            </param>
          </params>
          <reporter-output>
          </reporter-output>
        </test-method> <!-- setupBrowser -->
        <test-method is-config="true" signature="setupPage()[pri:0, instance:hr.ferit.dominikzivko.hgtest.GenericTests@700de5db]" started-at="2022-02-20T17:44:46Z" name="setupPage" finished-at="2022-02-20T17:44:48Z" duration-ms="2423" status="PASS">
          <reporter-output>
          </reporter-output>
        </test-method> <!-- setupPage -->
        <test-method signature="Featured articles accessible from home page()[pri:0, instance:hr.ferit.dominikzivko.hgtest.GenericTests@700de5db]" started-at="2022-02-20T17:44:48Z" name="Featured articles accessible from home page" finished-at="2022-02-20T17:44:50Z" duration-ms="1766" status="PASS">
          <reporter-output>
          </reporter-output>
        </test-method> <!-- Featured articles accessible from home page -->
        <test-method is-config="true" signature="cleanup()[pri:0, instance:hr.ferit.dominikzivko.hgtest.GenericTests@700de5db]" started-at="2022-02-20T17:44:50Z" name="cleanup" finished-at="2022-02-20T17:44:50Z" duration-ms="233" status="PASS">
          <reporter-output>
          </reporter-output>
        </test-method> <!-- cleanup -->
        <test-method is-config="true" signature="setupPage()[pri:0, instance:hr.ferit.dominikzivko.hgtest.GenericTests@700de5db]" started-at="2022-02-20T17:44:50Z" name="setupPage" finished-at="2022-02-20T17:44:52Z" duration-ms="2381" status="PASS">
          <reporter-output>
          </reporter-output>
        </test-method> <!-- setupPage -->
        <test-method signature="Search returns result()[pri:0, instance:hr.ferit.dominikzivko.hgtest.GenericTests@700de5db]" started-at="2022-02-20T17:44:52Z" name="Search returns result" finished-at="2022-02-20T17:44:57Z" duration-ms="4952" status="PASS">
          <reporter-output>
          </reporter-output>
        </test-method> <!-- Search returns result -->
        <test-method is-config="true" signature="cleanup()[pri:0, instance:hr.ferit.dominikzivko.hgtest.GenericTests@700de5db]" started-at="2022-02-20T17:44:57Z" name="cleanup" finished-at="2022-02-20T17:44:58Z" duration-ms="219" status="PASS">
          <reporter-output>
          </reporter-output>
        </test-method> <!-- cleanup -->
      </class> <!-- hr.ferit.dominikzivko.hgtest.GenericTests -->
      <class name="hr.ferit.dominikzivko.hgtest.ResultsTests">
        <test-method is-config="true" signature="setupBrowser(java.lang.String)[pri:0, instance:hr.ferit.dominikzivko.hgtest.ResultsTests@28c55302]" started-at="2022-02-20T17:44:58Z" name="setupBrowser" finished-at="2022-02-20T17:44:58Z" duration-ms="22" status="PASS">
          <params>
            <param index="0">
              <value>
                <![CDATA[Edge]]>
              </value>
            </param>
          </params>
          <reporter-output>
          </reporter-output>
        </test-method> <!-- setupBrowser -->
        <test-method is-config="true" signature="setupPage()[pri:0, instance:hr.ferit.dominikzivko.hgtest.ResultsTests@28c55302]" started-at="2022-02-20T17:44:58Z" name="setupPage" finished-at="2022-02-20T17:45:00Z" duration-ms="2408" status="PASS">
          <reporter-output>
          </reporter-output>
        </test-method> <!-- setupPage -->
        <test-method signature="Category page accessible from home page()[pri:0, instance:hr.ferit.dominikzivko.hgtest.ResultsTests@28c55302]" started-at="2022-02-20T17:45:00Z" name="Category page accessible from home page" finished-at="2022-02-20T17:45:04Z" duration-ms="4021" status="PASS">
          <reporter-output>
          </reporter-output>
        </test-method> <!-- Category page accessible from home page -->
        <test-method is-config="true" signature="cleanup()[pri:0, instance:hr.ferit.dominikzivko.hgtest.ResultsTests@28c55302]" started-at="2022-02-20T17:45:04Z" name="cleanup" finished-at="2022-02-20T17:45:04Z" duration-ms="221" status="PASS">
          <reporter-output>
          </reporter-output>
        </test-method> <!-- cleanup -->
        <test-method is-config="true" signature="setupPage()[pri:0, instance:hr.ferit.dominikzivko.hgtest.ResultsTests@28c55302]" started-at="2022-02-20T17:45:04Z" name="setupPage" finished-at="2022-02-20T17:45:07Z" duration-ms="2381" status="PASS">
          <reporter-output>
          </reporter-output>
        </test-method> <!-- setupPage -->
        <test-method signature="Price sorting can be changed()[pri:0, instance:hr.ferit.dominikzivko.hgtest.ResultsTests@28c55302]" started-at="2022-02-20T17:45:07Z" name="Price sorting can be changed" finished-at="2022-02-20T17:45:11Z" duration-ms="4084" status="PASS">
          <reporter-output>
          </reporter-output>
        </test-method> <!-- Price sorting can be changed -->
        <test-method is-config="true" signature="cleanup()[pri:0, instance:hr.ferit.dominikzivko.hgtest.ResultsTests@28c55302]" started-at="2022-02-20T17:45:11Z" name="cleanup" finished-at="2022-02-20T17:45:11Z" duration-ms="191" status="PASS">
          <reporter-output>
          </reporter-output>
        </test-method> <!-- cleanup -->
      </class> <!-- hr.ferit.dominikzivko.hgtest.ResultsTests -->
      <class name="hr.ferit.dominikzivko.hgtest.CartTests">
        <test-method is-config="true" signature="setupBrowser(java.lang.String)[pri:0, instance:hr.ferit.dominikzivko.hgtest.CartTests@58001596]" started-at="2022-02-20T17:45:11Z" name="setupBrowser" finished-at="2022-02-20T17:45:11Z" duration-ms="22" status="PASS">
          <params>
            <param index="0">
              <value>
                <![CDATA[Edge]]>
              </value>
            </param>
          </params>
          <reporter-output>
          </reporter-output>
        </test-method> <!-- setupBrowser -->
        <test-method is-config="true" signature="setupPage()[pri:0, instance:hr.ferit.dominikzivko.hgtest.CartTests@58001596]" started-at="2022-02-20T17:45:11Z" name="setupPage" finished-at="2022-02-20T17:45:13Z" duration-ms="2397" status="PASS">
          <reporter-output>
          </reporter-output>
        </test-method> <!-- setupPage -->
        <test-method signature="Add article to cart()[pri:0, instance:hr.ferit.dominikzivko.hgtest.CartTests@58001596]" started-at="2022-02-20T17:45:13Z" name="Add article to cart" finished-at="2022-02-20T17:45:17Z" duration-ms="3418" status="PASS">
          <reporter-output>
          </reporter-output>
        </test-method> <!-- Add article to cart -->
        <test-method is-config="true" signature="cleanup()[pri:0, instance:hr.ferit.dominikzivko.hgtest.CartTests@58001596]" started-at="2022-02-20T17:45:17Z" name="cleanup" finished-at="2022-02-20T17:45:17Z" duration-ms="250" status="PASS">
          <reporter-output>
          </reporter-output>
        </test-method> <!-- cleanup -->
        <test-method is-config="true" signature="setupPage()[pri:0, instance:hr.ferit.dominikzivko.hgtest.CartTests@58001596]" started-at="2022-02-20T17:45:17Z" name="setupPage" finished-at="2022-02-20T17:45:19Z" duration-ms="2365" status="PASS">
          <reporter-output>
          </reporter-output>
        </test-method> <!-- setupPage -->
        <test-method signature="Modify article amount()[pri:0, instance:hr.ferit.dominikzivko.hgtest.CartTests@58001596]" started-at="2022-02-20T17:45:19Z" name="Modify article amount" finished-at="2022-02-20T17:45:26Z" duration-ms="6277" status="PASS">
          <reporter-output>
          </reporter-output>
        </test-method> <!-- Modify article amount -->
        <test-method is-config="true" signature="cleanup()[pri:0, instance:hr.ferit.dominikzivko.hgtest.CartTests@58001596]" started-at="2022-02-20T17:45:26Z" name="cleanup" finished-at="2022-02-20T17:45:26Z" duration-ms="253" status="PASS">
          <reporter-output>
          </reporter-output>
        </test-method> <!-- cleanup -->
        <test-method is-config="true" signature="setupPage()[pri:0, instance:hr.ferit.dominikzivko.hgtest.CartTests@58001596]" started-at="2022-02-20T17:45:26Z" name="setupPage" finished-at="2022-02-20T17:45:28Z" duration-ms="2408" status="PASS">
          <reporter-output>
          </reporter-output>
        </test-method> <!-- setupPage -->
        <test-method signature="Remove article from cart()[pri:0, instance:hr.ferit.dominikzivko.hgtest.CartTests@58001596]" started-at="2022-02-20T17:45:28Z" name="Remove article from cart" finished-at="2022-02-20T17:45:43Z" duration-ms="14714" status="PASS">
          <reporter-output>
          </reporter-output>
        </test-method> <!-- Remove article from cart -->
        <test-method is-config="true" signature="cleanup()[pri:0, instance:hr.ferit.dominikzivko.hgtest.CartTests@58001596]" started-at="2022-02-20T17:45:43Z" name="cleanup" finished-at="2022-02-20T17:45:43Z" duration-ms="230" status="PASS">
          <reporter-output>
          </reporter-output>
        </test-method> <!-- cleanup -->
      </class> <!-- hr.ferit.dominikzivko.hgtest.CartTests -->
    </test> <!-- EdgeTest -->
  </suite> <!-- TestSuite -->
</testng-results>
